0
125800
126600
126600
126600
126600
126600
126800
126900
127000
127100
127400
127400
127400
127400
127400
127400
127400
127500
127600
127400
127500
127800
127900
128000
127800
127400
127600
127400
127500
127400
127300
127400
127400
127400
127500
127500
127500
127600
127000
127400
127400
127300
127300
127400
127300
127400
127300
127400
127400
127400
127800
127800
127400
127500
127500
127500
127400
127400
127300
127300
127500
127500
127500
127500
127500
127500
127500
127500
127500
127500
127600
127500
127600
127700
127800
127800
127600
127700
127800
127600
127700
127800
127900
127900
128000
128100
128100
128100
128100
127800
127900
127800
127700
127700
127500
127500
127500
127500
127500
127500
127500
127600
127700
127800
127800
127800
127600
127700
127700
127700
127700
127700
127700
127800
127600
127700
127800
127900
127900
127900
128000
128000
128000
128000
127800
127800
127500
127500
127500
127500
127500
127500
127300
127200
127200
127100
127100
127100
127000
127000
127000
127000
127100
127200
127300
127100
127200
127400
127300
127400
127500
127500
127300
127400
127400
127400
127400
127400
127400
127100
127100
127100
127200
127300
127200
127200
127300
127300
127400
127400
127100
127100
127100
127100
127100
127100
127100
127100
127100
127100
127100
127100
127100
127100
127300
127100
127100
127100
127100
127100
127100
127100
127100
127100
127100
127100
127100
127000
127000
127000
127200
127000
127000
127000
127000
127000
127100
127100
127000
127200
127000
127000
127000
127000
127000
127100
127200
127200
127200
127000
127000
127000
126800
126900
126900
127200
127200
127200
127200
126900
126900
126900
127000
127000
127000
126800
126900
126900
126900
126900
126900
126900
127100
127200
127100
127100
127300
127100
127100
127100
127100
126800
127000
126900
127100
126900
126900
126900
126800
126800
126900
127100
126800
127000
127000
127100
127000
126600
126600
126600
126600
126600
126600
126600
126600
126400
126400
126400
126400
126900
126600
126600
126600
126600
126400
126400
126400
126400
126400
126400
126400
126400
126400
126400
126500
126500
126500
126500
126500
126500
126300
126300
126300
126500
126300
126500
126300
126300
126300
126300
126200
126400
126200
126200
126200
126100
126000
126000
125900
125900
125900
125800
125700
125700
125700
125600
125600
125700
125700
125800
125800
125800
125800
126000
126100
126000
126300
126200
126200
126300
125800
126000
126100
126200
126300
126300
126300
126300
126300
126100
126400
126200
126300
126300
126300
126300
126100
126100
126100
126300
126400
126400
126500
126500
126500
126300
126400
126600
126600
126600
126600
126600
126800
126800
126800
127000
127200
127000
127000
127000
127000
127000
127000
127000
127000
126500
126700
126800
126900
126500
126700
126300
126400
126800
126300
126500
126300
126300
126400
126400
126400
126400
126600
126700
126700
126800
126800
127100
127100
127100
127000
127000
127000
127000
127000
126800
127000
126800
126800
126800
126800
126800
126800
126800
127200
126900
126900
126900
126900
126900
126900
126600
126600
126400
126400
126400
126400
126400
126400
126400
126200
125900
126100
125900
125900
126100
126100
126100
126300
126300
126300
126300
126300
126300
126300
126300
126300
126300
126300
126300
126300
126300
126100
126100
126100
126100
126100
126100
126100
126100
126100
125700
125900
125700
125800
125700
125700
125900
125800
125800
126500
126200
125900
126200
126000
126200
126000
125900
126100
125700
125900
125800
125800
125800
125700
125700
125700
125900
125900
125700
125800
125700
125800
126000
125700
125700
125700
125700
125700
125900
125700
125700
125700
125700
125700
125700
125700
125700
125600
125600
125600
125600
125600
125600
125600
125600
125600
126200
126200
126200
125800
125700
125900
125800
125900
125900
125900
126000
125900
125900
125900
126000
125900
125900
125900
125900
125900
125600
125600
126100
125600
125700
125800
125700
125600
125600
125800
125800
126000
125600
125600
125600
125800
125500
125700
125700
125700
125800
125900
125900
125900
125900
125900
125900
125900
125900
126000
126100
126100
126100
126200
126400
126400
126300
126300
126300
126300
126300
126600
126800
126900
126900
126900
126900
126700
127200
127200
127200
127300
127200
127200
127200
127200
127200
127200
127100
127200
127200
127400
127400
127500
127500
127500
127500
127600
127400
127500
127500
127500
127500
127500
127500
127500
127500
127500
127400
127400
127400
127200
127200
127300
127400
127400
127400
127200
127300
127400
127400
127400
127400
127400
127200
127300
127400
127400
127400
127400
127400
127500
127600
127800
127700
127800
127600
127600
127800
127800
127800
127800
127800
127600
127800
127800
127800
127800
127800
127800
127800
127800
127800
127800
127800
127800
127400
127400
127400
127600
127600
127600
127600
127600
127700
127700
127700
127700
127700
127700
127700
127700
127700
127700
127700
127700
127700
127700
127700
127700
127700
127900
127800
127700
127800
127800
128000
128000
128000
128000
128000
128000
128000
128000
128000
128000
128000
128000
128000
128000
128000
128000
127700
128000
127700
128100
128000
128200
128200
128100
128400
128400
128400
128300
128300
128300
128300
128300
128300
128300
127800
127700
127800
127400
127500
127400
127500
127600
127500
127500
127700
127500
127500
127900
127900
127500
127700
127600
127500
127500
127600
127600
127700
127700
127600
127700
127600
127400
127700
127600
127700
127700
127800
127700
127700
127800
127800
127800
127800
127800
127800
127800
127800
127800
127700
127800
127700
127700
127700
127700
127500
127500
127700
127600
127600
127700
127700
127500
127500
127500
127500
127500
127500
127500
127500
127500
127400
127300
127400
127200
127300
127400
127400
127300
127300
127300
127400
127400
127300
127300
127300
127300
127300
127300
127300
127300
127300
127300
127300
127300
127200
127200
127200
127200
127200
127200
127200
127200
127100
126800
126700
126700
126700
126700
126700
127100
127100
126700
126800
126900
127100
127100
127200
127200
127200
127200
127100
127100
127100
127200
127300
127300
127100
127200
127200
127200
127200
127100
127100
126900
127000
127000
126900
126900
126900
126600
126600
126600
126400
126500
126300
126400
126500
126500
126300
126400
126400
126500
126300
126300
126400
126400
126500
126600
126600
126300
126400
126300
126300
126300
126300
126300
126400
126500
126600
126600
126600
126600
126600
126200
126400
126500
126500
126700
126600
126600
126600
126600
126800
126800
126900
126800
126800
126700
126600
126700
126800
126800
126800
126800
126800
126800
126800
126800
126800
127000
127000
127000
127000
127000
127000
127000
127100
127100
127100
127100
127200
127100
127100
127100
127000
127100
127100
127100
126800
126900
127000
126600
126800
126800
126800
126700
126600
126600
126700
126800
126500
126500
126600
126600
126700
126800
126700
126700
126500
126600
126700
126700
126700
126700
126500
126600
126600
126600
126600
126500
126500
126500
126700
126500
126600
126800
126800
126700
126700
126800
126800
126800
126800
126800
126800
126800
126800
126800
126600
126600
126600
126600
126600
126600
126800
126900
126900
127000
127000
127100
127100
127100
127100
127100
127100
127100
127100
127100
127100
127100
127100
127100
127100
127300
127300
127400
127400
127100
127100
127000
127000
127000
127000
127000
127000
127000
127000
127400
127500
127500
127500
127600
127600
127600
127800
127800
127800
127700
127700
127700
127700
127800
127900
127900
127800
127900
127900
127700
127700
127700
127800
127900
127800
127600
127600
127600
127600
127600
127600
127600
127400
127400
127400
127400
127400
127400
127400
127400
127400
127400
127400
127400
127400
127400
127000
127000
127000
126800
126800
126800
126800
126800
127100
127100
127100
126800
127000
126800
126900
126800
126900
126900
126900
126900
126900
126900
126900
126900
126900
126900
127900
127300
127500
127300
127500
127400
127400
127600
127400
127600
127500
127600
127600
127600
127600
127600
127600
127600
127600
127700
127700
127800
127800
127900
127900
127900
127900
127900
128000
128000
128000
128000
128000
128000
127800
127900
127800
127800
127800
127800
127800
127800
127800
128000
128000
128000
128000
128000
127800
127800
127600
127900
127900
127600
127600
127600
127800
127800
128000
127800
127900
127800
127800
127800
127800
127700
127700
127600
127800
127700
127700
127700
127700
127700
127700
127600
127400
126800
126800
126800
126800
126800
126800
126800
126800
126800
126800
126800
126800
126800
126800
126800
126800
126800
126800
126900
126900
126800
126800
126700
126700
126600
126500
126400
126400
126400
126400
126400
126400
126400
126400
126300
126200
126200
126200
126200
126200
126200
126100
126100
125900
125800
125800
125800
125800
125800
125800
125700
125700
125700
125700
125700
125700
125700
125700
125700
125700
125700
125700
125700
125700
125700
125700
125700
125700
125700
125700
125700
125300
125300
125300
125300
125300
125300
125300
125300
125300
125300
125300
125300
125300
125300
125200
125100
125100
125100
125100
125100
125100
125100
125100
125100
125100
125000
125000
125000
125000
125000
125000
125000
125000
125000
125000
125000
125000
125000
125000
125000
125000
125000
125000
125000
125000
125000
125000
125000
125000
125000
125000
125000
124800
125000
124800
124800
124700
124700
124700
124700
124700
124700
124700
124700
124700
124700
124700
124700
124600
124600
124600
124600
124800
124800
124800
124800
124800
124800
124800
124800
124800
124800
124800
124600
124600
124600
124800
125000
124600
124600
124600
124600
124600
124600
124600
124600
124600
124800
124600
125300
125300
125300
125300
124700
124900
124800
124700
124700
124700
124700
124900
124800
124600
124800
124600
124800
124500
124600
124600
124600
125000
125000
125000
125000
125000
125000
125000
125000
125000
125000
125000
125000
125000
125000
125000
125000
124600
124600
124800
124600
124600
124500
124500
124600
124500
124500
124600
124500
124500
124500
124500
124500
124500
124500
124500
124500
124500
124500
124500
124400
124400
124400
124600
124500
124500
124400
124400
124300
124300
124300
124500
124300
124500
124600
124500
124500
124300
124500
124300
124300
124500
124300
124300
124400
124600
124400
124500
124300
124300
124300
124300
124500
124500
124400
124400
124400
124500
124300
124400
124400
124300
124600
124400
124400
124000
124200
124200
124200
124200
124200
124200
124200
124300
124100
124200
124200
124300
124300
124300
124300
124300
124300
124200
124000
124000
124000
123700
123500
123500
123500
123500
123500
123500
123500
123500
123500
123500
123500
123500
123500
123500
123600
123600
123600
123600
123600
123600
123600
123600
123600
123600
123800
123600
123800
123600
124100
124100
123600
123600
123600
123600
123600
123600
123600
123600
123600
123600
123600
123600
123600
123600
123600
123600
123600
123600
123600
123800
123600
123800
123600
123800
123600
123800
123600
123800
123600
123600
123800
123600
124100
124100
123600
123800
124000
123700
123700
123700
123600
123600
123800
124000
123600
123600
123800
123500
123500
123500
124100
123500
124000
124200
124100
124100
124100
124100
124100
124100
124100
123700
123900
123700
123900
123700
123700
123700
123700
123700
124200
124200
124200
124200
124400
124400
124000
123700
123700
123700
123900
123800
123800
123800
123800
124000
124000
124000
124000
124000
124000
124000
123800
124000
124000
124000
123800
123800
123800
123800
123800
123800
123800
124000
124000
124000
124000
124000
124000
124000
124000
124000
124000
124000
124000
124000
124000
124200
124200
124000
123800
123800
123800
123700
123700
123500
123500
123500
123500
123500
123500
123500
123500
123500
123500
123500
123500
123500
123500
123500
123500
123500
123500
123500
123500
123500
123500
123500
123500
123500
123500
123700
123500
123600
123600
123600
123600
123600
123600
123500
123700
123900
123800
123800
123800
123800
123800
123800
124000
123700
123900
123500
123500
123500
123600
123600
123600
123600
123600
123700
123800
123800
124000
124000
124000
124000
124000
124300
124300
124300
124300
124100
124200
124300
124100
124100
124300
124100
124300
124100
124100
124100
124000
124000
124000
124000
123900
124000
124000
123900
124100
124500
123600
123600
123800
123600
123600
123500
123500
123600
123600
123600
123600
123600
123700
123900
123700
123500
123500
123500
123500
123500
123500
123500
123500
123500
123500
123500
123500
123500
123500
123500
123500
123500
123400
123300
123300
123300
123300
123300
123200
123100
122900
122900
122900
122900
123300
123300
123300
123300
123300
123300
123300
123400
123400
123400
123500
123500
123500
123500
123500
123400
123400
123400
123400
123100
123300
123300
123300
123300
123300
123300
123300
123300
123300
123300
123300
123300
123400
123400
123400
123400
123400
123500
123500
123500
123500
123500
123400
123400
123400
123400
123400
123300
123300
123300
123100
123300
123500
123200
123200
123400
123200
123200
123200
123200
123200
123400
123700
123700
123700
123700
123700
123700
123700
123700
123700
123700
123700
123700
123700
123700
123200
123400
123200
123400
123200
123400
123600
123400
123400
123400
123600
123400
123600
123400
123600
123400
123400
123600
123400
123600
123500
123300
123500
122900
122900
123000
123100
123200
123000
123200
123200
123200
123000
122900
123000
123100
123000
123200
123200
123200
123000
123000
123200
123100
123100
123000
123100
123100
122900
122900
122900
122900
123000
123000
123000
123100
123000
123000
123000
123000
123100
123200
123200
123200
123200
123200
123200
123000
123000
123700
123200
123200
123400
123100
122900
122900
122900
123100
122900
122900
122900
123600
123000
123300
123300
123500
123500
123500
123300
123200
123200
123200
123300
123300
123200
123200
123200
123400
123200
123200
123100
123300
123300
123300
123300
123300
123300
123500
123700
123300
123600
123700
123700
123300
123400
123400
123500
123300
123400
123500
123500
123500
123500
123600
123700
123500
123700
123500
123500
123300
123300
123300
123300
123300
123300
123300
123300
123300
123300
123400
123400
123400
123400
123500
123600
123600
123600
123600
123600
123600
123300
123300
123300
123300
123300
123300
123300
123300
123300
123300
123300
123300
123300
123500
123300
123300
123300
123400
123300
123300
123400
123300
123500
123400
123400
123400
123400
123600
123400
123400
123400
123400
123400
123400
123400
123400
123400
123400
123400
123100
123100
123100
123100
123100
123100
123100
123100
123100
123100
123100
122900
122900
122900
122900
122900
122900
122900
122900
123100
122900
122900
122900
122900
122900
122900
122900
122900
122900
122900
122900
122900
122900
122900
122900
122900
122900
122900
123100
122900
122900
122900
122900
122900
122900
122900
122900
122900
122900
122900
122900
122900
122900
122900
122900
122900
123200
123200
123200
123200
123200
123200
123200
123200
123200
123200
123200
123000
122900
122900
122900
122900
122900
123000
122900
122900
122900
122900
122900
122900
122900
122900
122900
122900
122900
122800
122800
122800
122800
122800
122800
122800
122800
122800
122800
122800
122800
122800
122800
122800
122800
122800
122800
122800
122800
122800
122800
122800
122800
122800
122800
122800
122800
122800
122800
122800
122800
122800
122800
122800
122800
122800
122800
122800
122800
123100
123100
123100
123100
122900
123100
123100
123100
123100
123100
122800
122700
122700
122700
122700
122700
122700
122700
122900
122900
122900
122700
122700
122700
122700
122700
122700
122700
122700
122700
122600
122300
122300
122300
122200
122200
122200
122200
122200
122200
122200
122200
122200
122400
122200
122400
122400
122200
122200
122200
122200
122200
122200
122200
122200
122100
122100
122100
122100
122100
122100
122100
122100
122100
122100
122100
122100
122100
122100
122100
122100
122100
122100
121900
121700
121700
121700
121400
121400
121400
121400
121400
121400
121400
121400
121400
121500
121500
121500
121700
121500
121600
121700
121700
121900
121800
121800
121800
122200
122200
122200
122200
122000
122000
122000
121900
122000
122000
122200
122000
121800
122000
121800
121900
121900
122000
122100
122200
122300
122400
122300
122200
122500
122500
122200
122200
122200
122300
122500
122500
122200
122200
122300
122200
122200
122300
122300
122300
122400
122500
122500
122300
122400
122200
122300
122300
122500
122600
122600
122500
122600
122300
122400
122000
122300
122300
122500
122500
122100
122300
122200
122300
122400
122400
122300
122400
122500
122300
122400
122500
122700
122500
122500
122500
122500
122500
122200
122200
122300
122200
122200
122300
122200
122200
122200
122000
122100
122000
122000
122000
122000
122000
122000
122000
122000
122000
122000
122000
122000
122000
122000
122000
122000
122000
122000
122000
122000
122000
122000
121900
121900
121900
121900
121900
121900
121900
121900
121900
122100
121900
122000
122000
122100
122100
121900
121900
121900
121900
121600
121800
121800
121800
122000
122000
122000
122000
122000
122000
121900
121900
121900
121600
121600
121600
121600
121600
121500
121500
121500
121500
121500
121500
121500
121500
122000
122000
122200
122200
122200
122200
122200
122200
122200
122200
122200
122200
122200
122200
122200
122200
122200
122200
122200
122200
122200
122000
122000
122000
122000
122000
122000
122000
122000
122200
122000
122000
122200
122100
122100
122100
122300
122500
122200
122000
122200
122400
122100
122300
122200
122400
122400
122200
122200
122300
122300
122300
122100
122200
122400
122300
122400
122400
122200
122200
122200
122200
122200
122100
122100
122100
122300
122000
122000
122000
122000
122000
122000
121900
121900
121900
121500
121500
121700
121900
121800
121800
121800
121800
121800
121800
121800
122000
121500
121500
121500
121400
121400
121600
121600
121600
121600
121600
121600
121600
121400
121600
121600
121600
121600
121600
121600
121800
121800
121800
121800
121800
121800
121800
121800
121800
121800
121800
121600
121600
121600
121600
121600
121600
121600
121600
121600
121700
121700
121600
121600
121600
121500
121500
121500
121500
121500
121500
121500
121500
121500
121500
121500
121500
121500
121500
121500
121500
121500
121500
121500
121500
121500
121500
121500
121500
121700
121600
121800
121800
121800
121400
121500
121600
121400
121600
121600
121700
121700
121800
121800
121800
121800
121800
121800
121800
121800
122000
121800
122000
121500
121500
121700
121500
121500
121500
121700
121700
121600
121800
121700
121500
121500
121700
121500
121500
121500
121500
121600
122200
121600
121800
122000
121900
122100
122000
122000
121900
121900
121900
121900
121900
121900
121900
121900
121700
121700
121700
121700
121700
121600
121600
121600
121600
121600
121800
121400
121400
121300
121300
121300
121300
121500
121400
121400
121400
121400
121400
121400
121400
121300
121400
121600
121400
121400
121600
121900
121900
122200
122200
122000
122400
122000
122000
122000
121800
121800
122000
121800
122100
122100
122100
122100
121800
121800
121800
121800
121800
122000
121800
121800
121800
121600
122200
122200
122200
122200
122200
122200
122200
122200
122200
122200
122200
122200
122200
122200
122200
122200
122200
122200
122200
122400
122200
122200
122200
122200
122200
122200
122200
122200
122200
122200
122200
122200
122200
122200
122200
122200
122200
122200
122200
122200
122200
122200
122200
122200
122200
122200
122200
122100
122100
122100
122100
122100
122200
122100
122100
122000
122000
122000
121800
122000
121900
121800
121800
121800
121600
121800
122000
121600
121800
121600
121800
121300
121300
121300
121300
121500
121300
121500
121300
121700
121700
121700
121700
121700
121700
121500
121700
121700
121700
121700
121800
121800
121800
121800
121800
121800
121800
121900
121900
121900
121800
121800
121800
121800
121800
121800
121800
121800
121800
121800
121800
121400
121400
121400
121400
121400
121400
121400
121600
121600
121600
121800
121700
121900
121800
121800
122000
121800
121800
121800
121800
121800
121800
121800
121800
121800
121800
121800
121800
121800
121800
121800
121800
121800
121800
121800
121800
121800
121800
121800
121800
121800
121800
121800
121800
121800
121800
121800
121800
121800
121800
121800
121800
121800
121700
121700
121700
121700
121400
121300
121500
121500
121400
121600
121500
121500
121500
121500
121300
121400
121400
121300
121300
121900
121400
121600
121400
121400
121400
121400
121400
121200
121300
121200
121200
121200
121200
121300
121300
121300
121300
121300
121200
121300
121300
121200
121300
121200
121400
121400
121400
121400
121200
121200
121200
121200
121400
121400
121400
121400
121400
121400
121400
121400
121500
121700
121700
122100
122100
122200
122200
122200
122200
122200
122200
122100
122100
121700
121900
122100
122100
122200
122200
122200
122100
122200
122200
122200
122200
122300
122400
122400
122400
122400
122400
122400
122400
122500
122400
122400
122400
122500
122400
122500
122400
122500
122500
122400
122500
122500
122300
122400
122400
122300
122500
122500
122500
122200
122200
122200
122100
122100
122100
122200
122100
122000
122100
121900
122100
122100
122200
122100
122200
122200
122200
122100
122100
122100
122100
122200
122000
122000
122100
122100
121700
121800
121900
122000
122100
122500
122500
122500
122500
122100
122100
121900
122000
122100
122200
122300
122100
122200
122300
122300
122300
122300
122000
122100
122100
122100
122100
122100
122100
122200
122200
122200
122200
122200
121800
122000
122000
122100
122100
122100
122100
122000
122100
122100
122000
122300
122300
122000
122300
122400
122500
122300
122400
122400
122500
122100
122300
122400
121900
122100
122200
122300
122400
122400
122400
122400
122400
122400
122300
122200
122200
122200
122100
122100
122100
122100
122100
121900
122000
122000
122000
122000
122000
122000
122000
122000
122000
122000
122000
122100
121900
122000
122100
122100
122200
121900
122000
122000
121800
121900
122000
122100
122100
122400
122600
122700
122800
122600
122900
122900
122900
122600
122700
122600
122900
122700
122700
122700
122700
122800
123000
123000
123000
123000
123000
123200
123200
123200
123700
123600
123600
123600
123600
123700
123700
123600
123500
123700
123700
123800
123800
123600
123700
123700
123700
123700
123700
123700
123800
123800
123800
123800
124000
124100
124200
124100
124100
124000
124200
124300
124200
124200
124200
124100
124200
124200
124200
124200
124200
124200
124400
124600
124400
124400
124600
124600
124600
124600
124600
124600
124500
124500
124400
124400
124500
124500
124500
124400
124400
124500
124500
125000
125000
124900
125000
124800
124900
124900
124900
124900
124900
125000
124800
125000
125000
125000
125000
125000
125000
125000
125000
125000
125000
125000
125000
125000
125000
124900
124900
124800
124900
124800
124800
124800
125000
124800
124900
124900
125000
125000
125000
125000
125000
125100
125100
125100
125300
125300
125300
125100
125100
125200
125200
125200
125200
125100
125100
125200
125200
125000
125000
125000
125000
125100
125000
125100
125000
125000
125100
125100
125000
125000
125000
125000
125000
125000
125000
125000
125200
125300
125300
125300
125300
125500
125400
125400
125200
125200
125200
125300
125200
125200
125400
125400
125600
125800
125900
125900
126700
126700
126600
126800
126800
126300
126400
126400
126500
126500
126600
126600
126600
126700
126800
126800
126700
126700
126700
126700
126400
126400
126100
126100
126000
126100
126100
125800
126000
126200
126100
126100
126200
126100
126100
126100
125400
125800
125800
125800
125800
125800
125800
125800
125800
125800
125800
125800
126000
125800
125800
125900
126000
126100
126100
126200
126000
126200
126100
126100
126400
126500
126600
126700
126800
126900
126900
126900
126900
127000
127100
127000
126900
126800
126800
126400
126500
126500
126500
126500
126500
126000
126200
126300
126300
126300
126400
126400
126500
126200
126300
126400
126500
126200
126300
126400
126500
126400
126400
126500
126500
126500
126500
126200
126300
126400
126300
126400
126500
126500
126500
126400
126400
126400
126400
126900
126900
126900
126900
126900
126900
126900
126900
126900
126900
126700
126900
126900
126500
126600
126500
126400
126400
126400
126400
125900
125900
125900
125900
125900
125900
125900
125800
125800
125800
125900
126000
125900
125900
125900
125900
125900
125800
125800
125800
126100
126100
126100
126100
126100
126100
126100
125800
125800
125800
125900
125900
126000
125900
125900
125900
125900
125900
126100
125900
125700
125800
125800
125800
125800
125800
125800
125800
126000
126000
126000
126000
126000
126000
126000
126100
126000
126000
126000
126000
126000
126000
126000
126000
126000
126000
126000
126000
126000
126000
125700
125700
125700
125700
125700
125700
125700
125700
125700
125700
125700
125700
125700
125700
125700
125700
125700
125700
125700
125700
125700
125700
125700
125700
125500
125500
125500
125500
125500
125500
125500
125500
125500
125500
125500
125500
125500
125500
125500
125500
125300
125100
125100
125100
125200
125100
125200
125100
125100
125100
125000
125000
125000
125000
125000
125000
125000
125000
125000
125000
125000
124800
124800
124700
124700
124600
124700
124900
124900
125100
124900
124900
124900
124900
124900
125100
125100
125200
125300
125300
125300
125300
125300
125300
125300
125300
125500
125300
125300
125300
124900
125200
125200
125200
125200
125200
125200
125200
125200
125000
125000
125000
125000
125000
125000
125000
125000
125000
125000
125000
125000
125000
